C51 COMPILER V9.02   MAIN                                                                  12/18/2021 23:04:50 PAGE 1   


C51 COMPILER V9.02, COMPILATION OF MODULE MAIN
OBJECT MODULE PLACED IN .\output\main.obj
COMPILER INVOKED BY: C:\Keil_v5\C51\BIN\C51.EXE main.c BROWSE INCDIR(./) DEBUG OBJECTEXTEND TABS(2) OBJECT(.\output\main
                    -.obj)

line level    source

*** WARNING C500 IN LINE 1 OF MAIN.C: LICENSE ERROR (R208: RENEW LICENSE ID CODE (LIC))

   1          /* Includes ------------------------------------------------------------------*/
   2          #include <reg51.h>
   3          #include "knvlib.h"
   4          
   5          int main(void)
   6          {
   7   1        uint32_t timestamp = 0;
   8   1        uint32_t period = 0;
   9   1        uint8_t led = 0;
  10   1        SystemTickInit();
  11   1        InterruptEnable();
  12   1      
  13   1        
  14   1        for(;;)
  15   1        {
  16   2           if(GetTick() - timestamp > 1000)
  17   2           {
  18   3             timestamp = GetTick();
  19   3             if(led)
  20   3             {
  21   4              P0 |= 0x01;
  22   4              led = 0;
  23   4             }
  24   3             else
  25   3             {
  26   4              P0 &= ~(0x01);
  27   4              led = 1;
  28   4             }
  29   3           }
  30   2        }
  31   1      return(0);
  32   1      }
  33          
  34          
  35          


MODULE INFORMATION:   STATIC OVERLAYABLE
   CODE SIZE        =     88    ----
   CONSTANT SIZE    =   ----    ----
   XDATA SIZE       =   ----    ----
   PDATA SIZE       =   ----    ----
   DATA SIZE        =   ----       9
   IDATA SIZE       =   ----    ----
   BIT SIZE         =   ----    ----
END OF MODULE INFORMATION.


C51 COMPILATION COMPLETE.  1 WARNING(S),  0 ERROR(S)
